2025-02-04 01:00:27,190 | Using device: cpu
2025-02-04 01:00:30,924 | Epoch 0: Train Loss = 0.1080
2025-02-04 01:00:31,145 | Epoch 0: Validation Loss = 0.1102
2025-02-04 01:00:31,184 | Saved new best model with validation loss: 0.1102
2025-02-04 01:00:34,712 | Epoch 1: Train Loss = 0.1046
2025-02-04 01:00:35,035 | Epoch 1: Validation Loss = 0.1060
2025-02-04 01:00:35,070 | Saved new best model with validation loss: 0.1060
2025-02-04 01:00:39,049 | Epoch 2: Train Loss = 0.1041
2025-02-04 01:00:39,425 | Epoch 2: Validation Loss = 0.1053
2025-02-04 01:00:39,465 | Saved new best model with validation loss: 0.1053
2025-02-04 01:00:43,933 | Epoch 3: Train Loss = 0.1038
2025-02-04 01:00:44,248 | Epoch 3: Validation Loss = 0.1053
2025-02-04 01:00:44,282 | Saved new best model with validation loss: 0.1053
2025-02-04 01:00:48,064 | Epoch 4: Train Loss = 0.1036
2025-02-04 01:00:48,451 | Epoch 4: Validation Loss = 0.1057
2025-02-04 01:00:52,008 | Epoch 5: Train Loss = 0.1036
2025-02-04 01:00:52,367 | Epoch 5: Validation Loss = 0.1052
2025-02-04 01:00:52,407 | Saved new best model with validation loss: 0.1052
2025-02-04 01:00:57,090 | Epoch 6: Train Loss = 0.1035
2025-02-04 01:00:57,388 | Epoch 6: Validation Loss = 0.1050
2025-02-04 01:00:57,419 | Saved new best model with validation loss: 0.1050
2025-02-04 01:01:00,623 | Epoch 7: Train Loss = 0.1034
2025-02-04 01:01:00,925 | Epoch 7: Validation Loss = 0.1052
2025-02-04 01:01:05,058 | Epoch 8: Train Loss = 0.1033
2025-02-04 01:01:05,631 | Epoch 8: Validation Loss = 0.1050
2025-02-04 01:01:09,239 | Epoch 9: Train Loss = 0.1033
2025-02-04 01:01:09,544 | Epoch 9: Validation Loss = 0.1049
2025-02-04 01:01:09,582 | Saved new best model with validation loss: 0.1049
2025-02-04 01:01:13,045 | Epoch 10: Train Loss = 0.1033
2025-02-04 01:01:13,346 | Epoch 10: Validation Loss = 0.1048
2025-02-04 01:01:13,386 | Saved new best model with validation loss: 0.1048
2025-02-04 01:01:16,983 | Epoch 11: Train Loss = 0.1032
2025-02-04 01:01:17,311 | Epoch 11: Validation Loss = 0.1048
2025-02-04 01:01:17,349 | Saved new best model with validation loss: 0.1048
2025-02-04 01:01:21,922 | Epoch 12: Train Loss = 0.1031
2025-02-04 01:01:22,247 | Epoch 12: Validation Loss = 0.1048
2025-02-04 01:01:22,284 | Saved new best model with validation loss: 0.1048
2025-02-04 01:01:26,055 | Epoch 13: Train Loss = 0.1030
2025-02-04 01:01:26,381 | Epoch 13: Validation Loss = 0.1052
2025-02-04 01:01:30,368 | Epoch 14: Train Loss = 0.1033
2025-02-04 01:01:30,682 | Epoch 14: Validation Loss = 0.1051
2025-02-04 01:01:35,099 | Epoch 15: Train Loss = 0.1031
2025-02-04 01:01:35,449 | Epoch 15: Validation Loss = 0.1048
2025-02-04 01:01:39,383 | Epoch 16: Train Loss = 0.1030
2025-02-04 01:01:39,735 | Epoch 16: Validation Loss = 0.1047
2025-02-04 01:01:39,778 | Saved new best model with validation loss: 0.1047
2025-02-04 01:01:43,818 | Epoch 17: Train Loss = 0.1029
2025-02-04 01:01:44,137 | Epoch 17: Validation Loss = 0.1047
2025-02-04 01:01:49,050 | Epoch 18: Train Loss = 0.1031
2025-02-04 01:01:49,503 | Epoch 18: Validation Loss = 0.1049
2025-02-04 01:01:53,646 | Epoch 19: Train Loss = 0.1030
2025-02-04 01:01:53,951 | Epoch 19: Validation Loss = 0.1047
2025-02-04 01:01:53,953 | Early stopping triggered!
