2025-02-04 22:05:45,478 | Using device: cpu
2025-02-04 22:05:49,922 | Epoch 0: Train Loss = 0.1078
2025-02-04 22:05:50,142 | Epoch 0: Validation Loss = 0.1083
2025-02-04 22:05:50,163 | Saved new best model with validation loss: 0.1083
2025-02-04 22:05:53,343 | Epoch 1: Train Loss = 0.1043
2025-02-04 22:05:53,582 | Epoch 1: Validation Loss = 0.1018
2025-02-04 22:05:53,604 | Saved new best model with validation loss: 0.1018
2025-02-04 22:05:56,770 | Epoch 2: Train Loss = 0.1038
2025-02-04 22:05:57,029 | Epoch 2: Validation Loss = 0.1005
2025-02-04 22:05:57,053 | Saved new best model with validation loss: 0.1005
2025-02-04 22:05:59,810 | Epoch 3: Train Loss = 0.1036
2025-02-04 22:06:00,054 | Epoch 3: Validation Loss = 0.1004
2025-02-04 22:06:00,079 | Saved new best model with validation loss: 0.1004
2025-02-04 22:06:02,992 | Epoch 4: Train Loss = 0.1035
2025-02-04 22:06:03,500 | Epoch 4: Validation Loss = 0.1010
2025-02-04 22:06:06,631 | Epoch 5: Train Loss = 0.1032
2025-02-04 22:06:06,879 | Epoch 5: Validation Loss = 0.1002
2025-02-04 22:06:06,904 | Saved new best model with validation loss: 0.1002
2025-02-04 22:06:09,869 | Epoch 6: Train Loss = 0.1032
2025-02-04 22:06:10,091 | Epoch 6: Validation Loss = 0.1002
2025-02-04 22:06:12,905 | Epoch 7: Train Loss = 0.1031
2025-02-04 22:06:13,134 | Epoch 7: Validation Loss = 0.1002
2025-02-04 22:06:13,156 | Saved new best model with validation loss: 0.1002
2025-02-04 22:06:16,315 | Epoch 8: Train Loss = 0.1030
2025-02-04 22:06:16,686 | Epoch 8: Validation Loss = 0.1000
2025-02-04 22:06:16,715 | Saved new best model with validation loss: 0.1000
2025-02-04 22:06:19,988 | Epoch 9: Train Loss = 0.1029
2025-02-04 22:06:20,332 | Epoch 9: Validation Loss = 0.1000
2025-02-04 22:06:20,355 | Saved new best model with validation loss: 0.1000
2025-02-04 22:06:23,260 | Epoch 10: Train Loss = 0.1029
2025-02-04 22:06:23,521 | Epoch 10: Validation Loss = 0.0999
2025-02-04 22:06:23,548 | Saved new best model with validation loss: 0.0999
2025-02-04 22:06:26,548 | Epoch 11: Train Loss = 0.1029
2025-02-04 22:06:26,813 | Epoch 11: Validation Loss = 0.1000
2025-02-04 22:06:29,703 | Epoch 12: Train Loss = 0.1029
2025-02-04 22:06:30,037 | Epoch 12: Validation Loss = 0.1004
2025-02-04 22:06:30,039 | Early stopping triggered!
