2025-02-04 22:36:14,413 | Using device: cpu
2025-02-04 22:36:18,189 | Epoch 0: MSE = 0.0014, R² = -3.2815, Correlation = 0.6830, MAPE = 18.3%
2025-02-04 22:36:18,191 | Epoch 0: Train Loss = 0.1075, MSE = 0.0014, R² = -3.2815
2025-02-04 22:36:18,400 | Epoch 0: Val Loss = 0.1072, MSE = 0.0002, R² = 0.4371
2025-02-04 22:36:18,424 | Saved new best model with validation loss: 0.1072
2025-02-04 22:36:20,776 | Epoch 1: MSE = 0.0004, R² = -0.0740, Correlation = 0.8082, MAPE = 13.5%
2025-02-04 22:36:20,780 | Epoch 1: Train Loss = 0.1047, MSE = 0.0004, R² = -0.0740
2025-02-04 22:36:21,104 | Epoch 1: Val Loss = 0.1008, MSE = 0.0001, R² = 0.8174
2025-02-04 22:36:21,129 | Saved new best model with validation loss: 0.1008
2025-02-04 22:36:23,690 | Epoch 2: MSE = 0.0002, R² = 0.3502, Correlation = 0.8471, MAPE = 10.8%
2025-02-04 22:36:23,692 | Epoch 2: Train Loss = 0.1042, MSE = 0.0002, R² = 0.3502
2025-02-04 22:36:23,905 | Epoch 2: Val Loss = 0.1003, MSE = 0.0001, R² = 0.7980
2025-02-04 22:36:23,926 | Saved new best model with validation loss: 0.1003
2025-02-04 22:36:26,606 | Epoch 3: MSE = 0.0002, R² = 0.4971, Correlation = 0.8644, MAPE = 9.5%
2025-02-04 22:36:26,608 | Epoch 3: Train Loss = 0.1041, MSE = 0.0002, R² = 0.4971
2025-02-04 22:36:26,843 | Epoch 3: Val Loss = 0.1000, MSE = 0.0001, R² = 0.8410
2025-02-04 22:36:26,867 | Saved new best model with validation loss: 0.1000
2025-02-04 22:36:29,497 | Epoch 4: MSE = 0.0001, R² = 0.6123, Correlation = 0.8849, MAPE = 8.5%
2025-02-04 22:36:29,500 | Epoch 4: Train Loss = 0.1038, MSE = 0.0001, R² = 0.6123
2025-02-04 22:36:29,728 | Epoch 4: Val Loss = 0.1004, MSE = 0.0001, R² = 0.7991
2025-02-04 22:36:32,346 | Epoch 5: MSE = 0.0001, R² = 0.6874, Correlation = 0.9358, MAPE = 7.4%
2025-02-04 22:36:32,350 | Epoch 5: Train Loss = 0.1038, MSE = 0.0001, R² = 0.6874
2025-02-04 22:36:32,592 | Epoch 5: Val Loss = 0.0999, MSE = 0.0000, R² = 0.8631
2025-02-04 22:36:32,615 | Saved new best model with validation loss: 0.0999
2025-02-04 22:36:35,535 | Epoch 6: MSE = 0.0001, R² = 0.7247, Correlation = 0.9282, MAPE = 7.1%
2025-02-04 22:36:35,539 | Epoch 6: Train Loss = 0.1037, MSE = 0.0001, R² = 0.7247
2025-02-04 22:36:35,806 | Epoch 6: Val Loss = 0.0999, MSE = 0.0000, R² = 0.8782
2025-02-04 22:36:38,646 | Epoch 7: MSE = 0.0001, R² = 0.7907, Correlation = 0.9235, MAPE = 5.9%
2025-02-04 22:36:38,648 | Epoch 7: Train Loss = 0.1035, MSE = 0.0001, R² = 0.7907
2025-02-04 22:36:38,944 | Epoch 7: Val Loss = 0.1000, MSE = 0.0000, R² = 0.9310
2025-02-04 22:36:42,234 | Epoch 8: MSE = 0.0001, R² = 0.7932, Correlation = 0.9239, MAPE = 6.0%
2025-02-04 22:36:42,236 | Epoch 8: Train Loss = 0.1036, MSE = 0.0001, R² = 0.7932
2025-02-04 22:36:42,641 | Epoch 8: Val Loss = 0.1000, MSE = 0.0000, R² = 0.9198
2025-02-04 22:36:45,909 | Epoch 9: MSE = 0.0001, R² = 0.8140, Correlation = 0.9470, MAPE = 6.0%
2025-02-04 22:36:45,911 | Epoch 9: Train Loss = 0.1036, MSE = 0.0001, R² = 0.8140
2025-02-04 22:36:46,172 | Epoch 9: Val Loss = 0.0998, MSE = 0.0000, R² = 0.9439
2025-02-04 22:36:46,201 | Saved new best model with validation loss: 0.0998
2025-02-04 22:36:49,186 | Epoch 10: MSE = 0.0000, R² = 0.8554, Correlation = 0.9507, MAPE = 5.5%
2025-02-04 22:36:49,190 | Epoch 10: Train Loss = 0.1035, MSE = 0.0000, R² = 0.8554
2025-02-04 22:36:49,484 | Epoch 10: Val Loss = 0.0997, MSE = 0.0000, R² = 0.9378
2025-02-04 22:36:49,509 | Saved new best model with validation loss: 0.0997
2025-02-04 22:36:52,389 | Epoch 11: MSE = 0.0000, R² = 0.8589, Correlation = 0.9624, MAPE = 5.5%
2025-02-04 22:36:52,392 | Epoch 11: Train Loss = 0.1035, MSE = 0.0000, R² = 0.8589
2025-02-04 22:36:52,668 | Epoch 11: Val Loss = 0.0999, MSE = 0.0000, R² = 0.9089
2025-02-04 22:36:55,707 | Epoch 12: MSE = 0.0000, R² = 0.8615, Correlation = 0.9573, MAPE = 5.3%
2025-02-04 22:36:55,709 | Epoch 12: Train Loss = 0.1034, MSE = 0.0000, R² = 0.8615
2025-02-04 22:36:55,968 | Epoch 12: Val Loss = 0.1001, MSE = 0.0000, R² = 0.9017
2025-02-04 22:36:59,107 | Epoch 13: MSE = 0.0000, R² = 0.8728, Correlation = 0.9664, MAPE = 4.8%
2025-02-04 22:36:59,109 | Epoch 13: Train Loss = 0.1034, MSE = 0.0000, R² = 0.8728
2025-02-04 22:36:59,358 | Epoch 13: Val Loss = 0.0998, MSE = 0.0000, R² = 0.9557
2025-02-04 22:37:02,158 | Epoch 14: MSE = 0.0000, R² = 0.8932, Correlation = 0.9629, MAPE = 4.7%
2025-02-04 22:37:02,160 | Epoch 14: Train Loss = 0.1034, MSE = 0.0000, R² = 0.8932
2025-02-04 22:37:02,393 | Epoch 14: Val Loss = 0.0996, MSE = 0.0000, R² = 0.9506
2025-02-04 22:37:02,416 | Saved new best model with validation loss: 0.0996
2025-02-04 22:37:05,285 | Epoch 15: MSE = 0.0000, R² = 0.9222, Correlation = 0.9710, MAPE = 3.9%
2025-02-04 22:37:05,287 | Epoch 15: Train Loss = 0.1033, MSE = 0.0000, R² = 0.9222
2025-02-04 22:37:05,573 | Epoch 15: Val Loss = 0.0997, MSE = 0.0000, R² = 0.9744
2025-02-04 22:37:08,435 | Epoch 16: MSE = 0.0000, R² = 0.9192, Correlation = 0.9770, MAPE = 4.5%
2025-02-04 22:37:08,437 | Epoch 16: Train Loss = 0.1033, MSE = 0.0000, R² = 0.9192
2025-02-04 22:37:08,679 | Epoch 16: Val Loss = 0.0998, MSE = 0.0000, R² = 0.9509
2025-02-04 22:37:11,458 | Epoch 17: MSE = 0.0000, R² = 0.9308, Correlation = 0.9775, MAPE = 3.4%
2025-02-04 22:37:11,460 | Epoch 17: Train Loss = 0.1032, MSE = 0.0000, R² = 0.9308
2025-02-04 22:37:11,820 | Epoch 17: Val Loss = 0.0995, MSE = 0.0000, R² = 0.9801
2025-02-04 22:37:11,849 | Saved new best model with validation loss: 0.0995
2025-02-04 22:37:15,348 | Epoch 18: MSE = 0.0000, R² = 0.9297, Correlation = 0.9747, MAPE = 3.6%
2025-02-04 22:37:15,350 | Epoch 18: Train Loss = 0.1032, MSE = 0.0000, R² = 0.9297
2025-02-04 22:37:15,707 | Epoch 18: Val Loss = 0.0999, MSE = 0.0000, R² = 0.9733
2025-02-04 22:37:19,023 | Epoch 19: MSE = 0.0000, R² = 0.9390, Correlation = 0.9784, MAPE = 3.7%
2025-02-04 22:37:19,026 | Epoch 19: Train Loss = 0.1032, MSE = 0.0000, R² = 0.9390
2025-02-04 22:37:19,324 | Epoch 19: Val Loss = 0.0996, MSE = 0.0000, R² = 0.9821
2025-02-04 22:37:19,325 | Early stopping triggered!
