2025-02-04 22:10:55,745 | Using device: cpu
2025-02-04 22:10:59,865 | Epoch 0: MSE = 0.0015, R² = -3.3495
2025-02-04 22:10:59,867 | Epoch 0: Train Loss = 0.1081, MSE = 0.0015, R² = -3.3495
2025-02-04 22:11:00,089 | Epoch 0: Val Loss = 0.1076, MSE = 0.0002, R² = 0.5471
2025-02-04 22:11:00,113 | Saved new best model with validation loss: 0.1076
2025-02-04 22:11:02,661 | Epoch 1: MSE = 0.0005, R² = -0.3286
2025-02-04 22:11:02,664 | Epoch 1: Train Loss = 0.1048, MSE = 0.0005, R² = -0.3286
2025-02-04 22:11:02,879 | Epoch 1: Val Loss = 0.1022, MSE = 0.0001, R² = 0.6814
2025-02-04 22:11:02,900 | Saved new best model with validation loss: 0.1022
2025-02-04 22:11:05,669 | Epoch 2: MSE = 0.0003, R² = 0.1899
2025-02-04 22:11:05,671 | Epoch 2: Train Loss = 0.1042, MSE = 0.0003, R² = 0.1899
2025-02-04 22:11:05,909 | Epoch 2: Val Loss = 0.1018, MSE = 0.0001, R² = 0.7300
2025-02-04 22:11:05,933 | Saved new best model with validation loss: 0.1018
2025-02-04 22:11:08,545 | Epoch 3: MSE = 0.0002, R² = 0.3753
2025-02-04 22:11:08,547 | Epoch 3: Train Loss = 0.1040, MSE = 0.0002, R² = 0.3753
2025-02-04 22:11:08,827 | Epoch 3: Val Loss = 0.1018, MSE = 0.0001, R² = 0.7207
2025-02-04 22:11:08,848 | Saved new best model with validation loss: 0.1018
2025-02-04 22:11:11,895 | Epoch 4: MSE = 0.0001, R² = 0.5664
2025-02-04 22:11:11,898 | Epoch 4: Train Loss = 0.1037, MSE = 0.0001, R² = 0.5664
2025-02-04 22:11:12,299 | Epoch 4: Val Loss = 0.1017, MSE = 0.0001, R² = 0.7749
2025-02-04 22:11:12,326 | Saved new best model with validation loss: 0.1017
2025-02-04 22:11:16,112 | Epoch 5: MSE = 0.0001, R² = 0.6181
2025-02-04 22:11:16,116 | Epoch 5: Train Loss = 0.1037, MSE = 0.0001, R² = 0.6181
2025-02-04 22:11:16,379 | Epoch 5: Val Loss = 0.1019, MSE = 0.0001, R² = 0.7243
2025-02-04 22:11:19,504 | Epoch 6: MSE = 0.0001, R² = 0.6788
2025-02-04 22:11:19,508 | Epoch 6: Train Loss = 0.1035, MSE = 0.0001, R² = 0.6788
2025-02-04 22:11:19,758 | Epoch 6: Val Loss = 0.1015, MSE = 0.0001, R² = 0.8082
2025-02-04 22:11:19,783 | Saved new best model with validation loss: 0.1015
2025-02-04 22:11:23,333 | Epoch 7: MSE = 0.0001, R² = 0.7293
2025-02-04 22:11:23,340 | Epoch 7: Train Loss = 0.1034, MSE = 0.0001, R² = 0.7293
2025-02-04 22:11:23,751 | Epoch 7: Val Loss = 0.1017, MSE = 0.0000, R² = 0.8816
2025-02-04 22:11:26,840 | Epoch 8: MSE = 0.0001, R² = 0.7677
2025-02-04 22:11:26,843 | Epoch 8: Train Loss = 0.1034, MSE = 0.0001, R² = 0.7677
2025-02-04 22:11:27,076 | Epoch 8: Val Loss = 0.1017, MSE = 0.0000, R² = 0.8519
2025-02-04 22:11:30,083 | Epoch 9: MSE = 0.0001, R² = 0.7728
2025-02-04 22:11:30,085 | Epoch 9: Train Loss = 0.1034, MSE = 0.0001, R² = 0.7728
2025-02-04 22:11:30,335 | Epoch 9: Val Loss = 0.1016, MSE = 0.0000, R² = 0.9073
2025-02-04 22:11:33,139 | Epoch 10: MSE = 0.0001, R² = 0.8255
2025-02-04 22:11:33,143 | Epoch 10: Train Loss = 0.1032, MSE = 0.0001, R² = 0.8255
2025-02-04 22:11:33,398 | Epoch 10: Val Loss = 0.1013, MSE = 0.0000, R² = 0.9126
2025-02-04 22:11:33,419 | Saved new best model with validation loss: 0.1013
2025-02-04 22:11:36,180 | Epoch 11: MSE = 0.0001, R² = 0.8300
2025-02-04 22:11:36,182 | Epoch 11: Train Loss = 0.1033, MSE = 0.0001, R² = 0.8300
2025-02-04 22:11:36,426 | Epoch 11: Val Loss = 0.1013, MSE = 0.0000, R² = 0.9311
2025-02-04 22:11:36,427 | Early stopping triggered!
